Configuring hashmap-1.3.0.1...
Building hashmap-1.3.0.1...
Preprocessing library hashmap-1.3.0.1...

In file included from ./Data/HashMap.hs:213:0: 

/Users/austin/.stack/programs/x86_64-osx/ghc-7.10.3/lib/ghc-7.10.3/base_HQfYBxpPvuw8OunzQu6JGM/include/Typeable.h:17:2:
     warning: <Typeable.h> is obsolete and will be removed in GHC 7.10 [-W#warnings]
#warning <Typeable.h> is obsolete and will be removed in GHC 7.10
 ^
1 warning generated.

In file included from ./Data/HashSet.hs:142:0: 

/Users/austin/.stack/programs/x86_64-osx/ghc-7.10.3/lib/ghc-7.10.3/base_HQfYBxpPvuw8OunzQu6JGM/include/Typeable.h:17:2:
     warning: <Typeable.h> is obsolete and will be removed in GHC 7.10 [-W#warnings]
#warning <Typeable.h> is obsolete and will be removed in GHC 7.10
 ^
1 warning generated.
[1 of 2] Compiling Data.HashSet     ( Data/HashSet.hs, .stack-work/dist/x86_64-osx/Cabal-1.22.5.0/build/Data/HashSet.o )
[2 of 2] Compiling Data.HashMap     ( Data/HashMap.hs, .stack-work/dist/x86_64-osx/Cabal-1.22.5.0/build/Data/HashMap.o )
In-place registering hashmap-1.3.0.1...
Installing library in
/Users/austin/Other/Cloud9Server/.stack-work/install/x86_64-osx/lts-5.11/7.10.3/lib/x86_64-osx-ghc-7.10.3/hashmap-1.3.0.1-F00kyVSzhoUHUlxMWs73j7
Registering hashmap-1.3.0.1...
