Configuring hsp-0.10.0...
Building hsp-0.10.0...
Preprocessing library hsp-0.10.0...

on the commandline: Warning:
    -XOverlappingInstances is deprecated: instead use per-instance pragmas OVERLAPPING/OVERLAPPABLE/OVERLAPS

src/HSP/Monad.hs:1:61: Warning:
    -XOverlappingInstances is deprecated: instead use per-instance pragmas OVERLAPPING/OVERLAPPABLE/OVERLAPS
[1 of 6] Compiling HSP.XML.PCDATA   ( src/HSP/XML/PCDATA.hs, .stack-work/dist/x86_64-osx/Cabal-1.22.5.0/build/HSP/XML/PCDATA.o )

src/HSP/XML/PCDATA.hs:15:1: Warning: Tab character

src/HSP/XML/PCDATA.hs:20:1: Warning: Tab character

src/HSP/XML/PCDATA.hs:22:1: Warning:
    The import of ‘mempty’ from module ‘Data.Monoid’ is redundant

src/HSP/XML/PCDATA.hs:60:1: Warning: Tab character

src/HSP/XML/PCDATA.hs:60:14: Warning: Tab character

src/HSP/XML/PCDATA.hs:60:22: Warning: Tab character

src/HSP/XML/PCDATA.hs:61:1: Warning: Tab character

src/HSP/XML/PCDATA.hs:61:15: Warning: Tab character

src/HSP/XML/PCDATA.hs:61:23: Warning: Tab character

src/HSP/XML/PCDATA.hs:62:1: Warning: Tab character

src/HSP/XML/PCDATA.hs:62:15: Warning: Tab character

src/HSP/XML/PCDATA.hs:62:23: Warning: Tab character

src/HSP/XML/PCDATA.hs:63:1: Warning: Tab character

src/HSP/XML/PCDATA.hs:63:14: Warning: Tab character

src/HSP/XML/PCDATA.hs:63:21: Warning: Tab character

src/HSP/XML/PCDATA.hs:64:1: Warning: Tab character

src/HSP/XML/PCDATA.hs:64:14: Warning: Tab character

src/HSP/XML/PCDATA.hs:64:21: Warning: Tab character

src/HSP/XML/PCDATA.hs:65:1: Warning: Tab character
[2 of 6] Compiling HSP.XML          ( src/HSP/XML.hs, .stack-work/dist/x86_64-osx/Cabal-1.22.5.0/build/HSP/XML.o )

src/HSP/XML.hs:35:1: Warning:
    The import of ‘mconcat’ from module ‘Data.Monoid’ is redundant
[3 of 6] Compiling HSP.HTML4        ( src/HSP/HTML4.hs, .stack-work/dist/x86_64-osx/Cabal-1.22.5.0/build/HSP/HTML4.o )

src/HSP/HTML4.hs:36:1: Warning:
    The import of ‘mconcat’ from module ‘Data.Monoid’ is redundant

src/HSP/HTML4.hs:49:1: Warning: Tab character

src/HSP/HTML4.hs:49:14: Warning: Tab character

src/HSP/HTML4.hs:50:1: Warning: Tab character

src/HSP/HTML4.hs:50:15: Warning: Tab character

src/HSP/HTML4.hs:51:1: Warning: Tab character

src/HSP/HTML4.hs:51:14: Warning: Tab character

src/HSP/HTML4.hs:51:32: Warning: Tab character

src/HSP/HTML4.hs:52:1: Warning: Tab character

src/HSP/HTML4.hs:52:14: Warning: Tab character

src/HSP/HTML4.hs:52:32: Warning: Tab character

src/HSP/HTML4.hs:53:1: Warning: Tab character

src/HSP/HTML4.hs:96:19: Warning: Tab character

src/HSP/HTML4.hs:97:19: Warning: Tab character
[4 of 6] Compiling HSP.XMLGenerator ( src/HSP/XMLGenerator.hs, .stack-work/dist/x86_64-osx/Cabal-1.22.5.0/build/HSP/XMLGenerator.o )

src/HSP/XMLGenerator.hs:21:1: Warning:
    The import of ‘Applicative’
    from module ‘Control.Applicative’ is redundant

src/HSP/XMLGenerator.hs:24:1: Warning:
    Module ‘Control.Monad.Error’ is deprecated:
      Use Control.Monad.Except instead
[5 of 6] Compiling HSP.Monad        ( src/HSP/Monad.hs, .stack-work/dist/x86_64-osx/Cabal-1.22.5.0/build/HSP/Monad.o )

src/HSP/Monad.hs:4:1: Warning:
    The import of ‘Applicative, <$>’
    from module ‘Control.Applicative’ is redundant

src/HSP/Monad.hs:7:1: Warning:
    Module ‘Control.Monad.Error’ is deprecated:
      Use Control.Monad.Except instead
[6 of 6] Compiling HSP              ( src/HSP.hs, .stack-work/dist/x86_64-osx/Cabal-1.22.5.0/build/HSP.o )
In-place registering hsp-0.10.0...
Installing library in
/Users/austin/Other/Cloud9Server/.stack-work/install/x86_64-osx/lts-5.11/7.10.3/lib/x86_64-osx-ghc-7.10.3/hsp-0.10.0-4WqFGfz3VPTF1zKRCO9Lxz
Registering hsp-0.10.0...
